INTERNAL SERVER ERROR: cannot access local variable 'traceback' where it is not associated with a value
Traceback (most recent call last):
  File "D:\mindbridge2\mindbridge\backend\api\voice.py", line 203, in handle_voice_turn
    response_audio = await synthesize_speech(
                     ^^^^^^^^^^^^^^^^^^^^^^^^
    ...<3 lines>...
    )
    ^
  File "D:\mindbridge2\mindbridge\backend\ai_engine\voice_client.py", line 192, in synthesize_speech
    raise Exception(f"TTS failed: {response.status_code} — {response.text}")
Exception: TTS failed: 400 — {"error":{"message":"Pitch and loudness parameters are currently not supported for the Bulbul V3 model. Please do not pass these values.","code":"invalid_request_error","request_id":"20260620_832c9adb-1d60-4ae7-89fb-03e4ae151be7"}}

During handling of the above exception, another exception occurred:

Traceback (most recent call last):
  File "E:\python\Lib\site-packages\starlette\middleware\errors.py", line 164, in __call__
    await self.app(scope, receive, _send)
  File "E:\python\Lib\site-packages\starlette\middleware\cors.py", line 93, in __call__
    await self.simple_response(scope, receive, send, request_headers=headers)
  File "E:\python\Lib\site-packages\starlette\middleware\cors.py", line 144, in simple_response
    await self.app(scope, receive, send)
  File "E:\python\Lib\site-packages\starlette\middleware\exceptions.py", line 63, in __call__
    await wrap_app_handling_exceptions(self.app, conn)(scope, receive, send)
  File "E:\python\Lib\site-packages\starlette\_exception_handler.py", line 53, in wrapped_app
    raise exc
  File "E:\python\Lib\site-packages\starlette\_exception_handler.py", line 42, in wrapped_app
    await app(scope, receive, sender)
  File "E:\python\Lib\site-packages\fastapi\middleware\asyncexitstack.py", line 18, in __call__
    await self.app(scope, receive, send)
  File "E:\python\Lib\site-packages\starlette\routing.py", line 716, in __call__
    await self.middleware_stack(scope, receive, send)
  File "E:\python\Lib\site-packages\starlette\routing.py", line 736, in app
    await route.handle(scope, receive, send)
  File "E:\python\Lib\site-packages\starlette\routing.py", line 290, in handle
    await self.app(scope, receive, send)
  File "E:\python\Lib\site-packages\fastapi\routing.py", line 125, in app
    await wrap_app_handling_exceptions(app, request)(scope, receive, send)
  File "E:\python\Lib\site-packages\starlette\_exception_handler.py", line 53, in wrapped_app
    raise exc
  File "E:\python\Lib\site-packages\starlette\_exception_handler.py", line 42, in wrapped_app
    await app(scope, receive, sender)
  File "E:\python\Lib\site-packages\fastapi\routing.py", line 111, in app
    response = await f(request)
               ^^^^^^^^^^^^^^^^
  File "E:\python\Lib\site-packages\fastapi\routing.py", line 391, in app
    raw_response = await run_endpoint_function(
                   ^^^^^^^^^^^^^^^^^^^^^^^^^^^^
    ...<3 lines>...
    )
    ^
  File "E:\python\Lib\site-packages\fastapi\routing.py", line 290, in run_endpoint_function
    return await dependant.call(**values)
           ^^^^^^^^^^^^^^^^^^^^^^^^^^^^^^
  File "D:\mindbridge2\mindbridge\backend\api\voice.py", line 252, in voice_conversation
    return await handle_voice_turn(transcript, session_id, language, current_user, db)
           ^^^^^^^^^^^^^^^^^^^^^^^^^^^^^^^^^^^^^^^^^^^^^^^^^^^^^^^^^^^^^^^^^^^^^^^^^^^
  File "D:\mindbridge2\mindbridge\backend\api\voice.py", line 211, in handle_voice_turn
    traceback.print_exc()
    ^^^^^^^^^
UnboundLocalError: cannot access local variable 'traceback' where it is not associated with a value

INTERNAL SERVER ERROR: cannot access local variable 'traceback' where it is not associated with a value
Traceback (most recent call last):
  File "D:\mindbridge2\mindbridge\backend\api\voice.py", line 203, in handle_voice_turn
    response_audio = await synthesize_speech(
                     ^^^^^^^^^^^^^^^^^^^^^^^^
    ...<3 lines>...
    )
    ^
  File "D:\mindbridge2\mindbridge\backend\ai_engine\voice_client.py", line 192, in synthesize_speech
    raise Exception(f"TTS failed: {response.status_code} — {response.text}")
Exception: TTS failed: 400 — {"error":{"message":"Pitch and loudness parameters are currently not supported for the Bulbul V3 model. Please do not pass these values.","code":"invalid_request_error","request_id":"20260620_c0034938-17d2-43e6-9de4-c047f4f72572"}}

During handling of the above exception, another exception occurred:

Traceback (most recent call last):
  File "E:\python\Lib\site-packages\starlette\middleware\errors.py", line 164, in __call__
    await self.app(scope, receive, _send)
  File "E:\python\Lib\site-packages\starlette\middleware\cors.py", line 93, in __call__
    await self.simple_response(scope, receive, send, request_headers=headers)
  File "E:\python\Lib\site-packages\starlette\middleware\cors.py", line 144, in simple_response
    await self.app(scope, receive, send)
  File "E:\python\Lib\site-packages\starlette\middleware\exceptions.py", line 63, in __call__
    await wrap_app_handling_exceptions(self.app, conn)(scope, receive, send)
  File "E:\python\Lib\site-packages\starlette\_exception_handler.py", line 53, in wrapped_app
    raise exc
  File "E:\python\Lib\site-packages\starlette\_exception_handler.py", line 42, in wrapped_app
    await app(scope, receive, sender)
  File "E:\python\Lib\site-packages\fastapi\middleware\asyncexitstack.py", line 18, in __call__
    await self.app(scope, receive, send)
  File "E:\python\Lib\site-packages\starlette\routing.py", line 716, in __call__
    await self.middleware_stack(scope, receive, send)
  File "E:\python\Lib\site-packages\starlette\routing.py", line 736, in app
    await route.handle(scope, receive, send)
  File "E:\python\Lib\site-packages\starlette\routing.py", line 290, in handle
    await self.app(scope, receive, send)
  File "E:\python\Lib\site-packages\fastapi\routing.py", line 125, in app
    await wrap_app_handling_exceptions(app, request)(scope, receive, send)
  File "E:\python\Lib\site-packages\starlette\_exception_handler.py", line 53, in wrapped_app
    raise exc
  File "E:\python\Lib\site-packages\starlette\_exception_handler.py", line 42, in wrapped_app
    await app(scope, receive, sender)
  File "E:\python\Lib\site-packages\fastapi\routing.py", line 111, in app
    response = await f(request)
               ^^^^^^^^^^^^^^^^
  File "E:\python\Lib\site-packages\fastapi\routing.py", line 391, in app
    raw_response = await run_endpoint_function(
                   ^^^^^^^^^^^^^^^^^^^^^^^^^^^^
    ...<3 lines>...
    )
    ^
  File "E:\python\Lib\site-packages\fastapi\routing.py", line 290, in run_endpoint_function
    return await dependant.call(**values)
           ^^^^^^^^^^^^^^^^^^^^^^^^^^^^^^
  File "D:\mindbridge2\mindbridge\backend\api\voice.py", line 252, in voice_conversation
    return await handle_voice_turn(transcript, session_id, language, current_user, db)
           ^^^^^^^^^^^^^^^^^^^^^^^^^^^^^^^^^^^^^^^^^^^^^^^^^^^^^^^^^^^^^^^^^^^^^^^^^^^
  File "D:\mindbridge2\mindbridge\backend\api\voice.py", line 211, in handle_voice_turn
    traceback.print_exc()
    ^^^^^^^^^
UnboundLocalError: cannot access local variable 'traceback' where it is not associated with a value

INTERNAL SERVER ERROR: cannot access local variable 'traceback' where it is not associated with a value
Traceback (most recent call last):
  File "D:\mindbridge2\mindbridge\backend\api\voice.py", line 203, in handle_voice_turn
    response_audio = await synthesize_speech(
                     ^^^^^^^^^^^^^^^^^^^^^^^^
    ...<3 lines>...
    )
    ^
  File "D:\mindbridge2\mindbridge\backend\ai_engine\voice_client.py", line 192, in synthesize_speech
    raise Exception(f"TTS failed: {response.status_code} — {response.text}")
Exception: TTS failed: 400 — {"error":{"message":"Pitch and loudness parameters are currently not supported for the Bulbul V3 model. Please do not pass these values.","code":"invalid_request_error","request_id":"20260620_4e38f233-d270-48cf-af59-551bdc4be310"}}

During handling of the above exception, another exception occurred:

Traceback (most recent call last):
  File "E:\python\Lib\site-packages\starlette\middleware\errors.py", line 164, in __call__
    await self.app(scope, receive, _send)
  File "E:\python\Lib\site-packages\starlette\middleware\cors.py", line 93, in __call__
    await self.simple_response(scope, receive, send, request_headers=headers)
  File "E:\python\Lib\site-packages\starlette\middleware\cors.py", line 144, in simple_response
    await self.app(scope, receive, send)
  File "E:\python\Lib\site-packages\starlette\middleware\exceptions.py", line 63, in __call__
    await wrap_app_handling_exceptions(self.app, conn)(scope, receive, send)
  File "E:\python\Lib\site-packages\starlette\_exception_handler.py", line 53, in wrapped_app
    raise exc
  File "E:\python\Lib\site-packages\starlette\_exception_handler.py", line 42, in wrapped_app
    await app(scope, receive, sender)
  File "E:\python\Lib\site-packages\fastapi\middleware\asyncexitstack.py", line 18, in __call__
    await self.app(scope, receive, send)
  File "E:\python\Lib\site-packages\starlette\routing.py", line 716, in __call__
    await self.middleware_stack(scope, receive, send)
  File "E:\python\Lib\site-packages\starlette\routing.py", line 736, in app
    await route.handle(scope, receive, send)
  File "E:\python\Lib\site-packages\starlette\routing.py", line 290, in handle
    await self.app(scope, receive, send)
  File "E:\python\Lib\site-packages\fastapi\routing.py", line 125, in app
    await wrap_app_handling_exceptions(app, request)(scope, receive, send)
  File "E:\python\Lib\site-packages\starlette\_exception_handler.py", line 53, in wrapped_app
    raise exc
  File "E:\python\Lib\site-packages\starlette\_exception_handler.py", line 42, in wrapped_app
    await app(scope, receive, sender)
  File "E:\python\Lib\site-packages\fastapi\routing.py", line 111, in app
    response = await f(request)
               ^^^^^^^^^^^^^^^^
  File "E:\python\Lib\site-packages\fastapi\routing.py", line 391, in app
    raw_response = await run_endpoint_function(
                   ^^^^^^^^^^^^^^^^^^^^^^^^^^^^
    ...<3 lines>...
    )
    ^
  File "E:\python\Lib\site-packages\fastapi\routing.py", line 290, in run_endpoint_function
    return await dependant.call(**values)
           ^^^^^^^^^^^^^^^^^^^^^^^^^^^^^^
  File "D:\mindbridge2\mindbridge\backend\api\voice.py", line 252, in voice_conversation
    return await handle_voice_turn(transcript, session_id, language, current_user, db)
           ^^^^^^^^^^^^^^^^^^^^^^^^^^^^^^^^^^^^^^^^^^^^^^^^^^^^^^^^^^^^^^^^^^^^^^^^^^^
  File "D:\mindbridge2\mindbridge\backend\api\voice.py", line 211, in handle_voice_turn
    traceback.print_exc()
    ^^^^^^^^^
UnboundLocalError: cannot access local variable 'traceback' where it is not associated with a value

INTERNAL SERVER ERROR: cannot access local variable 'traceback' where it is not associated with a value
Traceback (most recent call last):
  File "D:\mindbridge2\mindbridge\backend\api\voice.py", line 203, in handle_voice_turn
    response_audio = await synthesize_speech(
                     ^^^^^^^^^^^^^^^^^^^^^^^^
    ...<3 lines>...
    )
    ^
  File "D:\mindbridge2\mindbridge\backend\ai_engine\voice_client.py", line 192, in synthesize_speech
    raise Exception(f"TTS failed: {response.status_code} — {response.text}")
Exception: TTS failed: 400 — {"error":{"message":"Pitch and loudness parameters are currently not supported for the Bulbul V3 model. Please do not pass these values.","code":"invalid_request_error","request_id":"20260620_69ace548-af6e-44bd-a050-81dda10af9f0"}}

During handling of the above exception, another exception occurred:

Traceback (most recent call last):
  File "E:\python\Lib\site-packages\starlette\middleware\errors.py", line 164, in __call__
    await self.app(scope, receive, _send)
  File "E:\python\Lib\site-packages\starlette\middleware\cors.py", line 93, in __call__
    await self.simple_response(scope, receive, send, request_headers=headers)
  File "E:\python\Lib\site-packages\starlette\middleware\cors.py", line 144, in simple_response
    await self.app(scope, receive, send)
  File "E:\python\Lib\site-packages\starlette\middleware\exceptions.py", line 63, in __call__
    await wrap_app_handling_exceptions(self.app, conn)(scope, receive, send)
  File "E:\python\Lib\site-packages\starlette\_exception_handler.py", line 53, in wrapped_app
    raise exc
  File "E:\python\Lib\site-packages\starlette\_exception_handler.py", line 42, in wrapped_app
    await app(scope, receive, sender)
  File "E:\python\Lib\site-packages\fastapi\middleware\asyncexitstack.py", line 18, in __call__
    await self.app(scope, receive, send)
  File "E:\python\Lib\site-packages\starlette\routing.py", line 716, in __call__
    await self.middleware_stack(scope, receive, send)
  File "E:\python\Lib\site-packages\starlette\routing.py", line 736, in app
    await route.handle(scope, receive, send)
  File "E:\python\Lib\site-packages\starlette\routing.py", line 290, in handle
    await self.app(scope, receive, send)
  File "E:\python\Lib\site-packages\fastapi\routing.py", line 125, in app
    await wrap_app_handling_exceptions(app, request)(scope, receive, send)
  File "E:\python\Lib\site-packages\starlette\_exception_handler.py", line 53, in wrapped_app
    raise exc
  File "E:\python\Lib\site-packages\starlette\_exception_handler.py", line 42, in wrapped_app
    await app(scope, receive, sender)
  File "E:\python\Lib\site-packages\fastapi\routing.py", line 111, in app
    response = await f(request)
               ^^^^^^^^^^^^^^^^
  File "E:\python\Lib\site-packages\fastapi\routing.py", line 391, in app
    raw_response = await run_endpoint_function(
                   ^^^^^^^^^^^^^^^^^^^^^^^^^^^^
    ...<3 lines>...
    )
    ^
  File "E:\python\Lib\site-packages\fastapi\routing.py", line 290, in run_endpoint_function
    return await dependant.call(**values)
           ^^^^^^^^^^^^^^^^^^^^^^^^^^^^^^
  File "D:\mindbridge2\mindbridge\backend\api\voice.py", line 252, in voice_conversation
    return await handle_voice_turn(transcript, session_id, language, current_user, db)
           ^^^^^^^^^^^^^^^^^^^^^^^^^^^^^^^^^^^^^^^^^^^^^^^^^^^^^^^^^^^^^^^^^^^^^^^^^^^
  File "D:\mindbridge2\mindbridge\backend\api\voice.py", line 211, in handle_voice_turn
    traceback.print_exc()
    ^^^^^^^^^
UnboundLocalError: cannot access local variable 'traceback' where it is not associated with a value

INTERNAL SERVER ERROR: cannot access local variable 'traceback' where it is not associated with a value
Traceback (most recent call last):
  File "D:\mindbridge2\mindbridge\backend\api\voice.py", line 203, in handle_voice_turn
    response_audio = await synthesize_speech(
                     ^^^^^^^^^^^^^^^^^^^^^^^^
    ...<3 lines>...
    )
    ^
  File "D:\mindbridge2\mindbridge\backend\ai_engine\voice_client.py", line 192, in synthesize_speech
    raise Exception(f"TTS failed: {response.status_code} — {response.text}")
Exception: TTS failed: 400 — {"error":{"message":"Pitch and loudness parameters are currently not supported for the Bulbul V3 model. Please do not pass these values.","code":"invalid_request_error","request_id":"20260620_014b9b66-dd04-44b4-955b-c6f81c768570"}}

During handling of the above exception, another exception occurred:

Traceback (most recent call last):
  File "E:\python\Lib\site-packages\starlette\middleware\errors.py", line 164, in __call__
    await self.app(scope, receive, _send)
  File "E:\python\Lib\site-packages\starlette\middleware\cors.py", line 93, in __call__
    await self.simple_response(scope, receive, send, request_headers=headers)
  File "E:\python\Lib\site-packages\starlette\middleware\cors.py", line 144, in simple_response
    await self.app(scope, receive, send)
  File "E:\python\Lib\site-packages\starlette\middleware\exceptions.py", line 63, in __call__
    await wrap_app_handling_exceptions(self.app, conn)(scope, receive, send)
  File "E:\python\Lib\site-packages\starlette\_exception_handler.py", line 53, in wrapped_app
    raise exc
  File "E:\python\Lib\site-packages\starlette\_exception_handler.py", line 42, in wrapped_app
    await app(scope, receive, sender)
  File "E:\python\Lib\site-packages\fastapi\middleware\asyncexitstack.py", line 18, in __call__
    await self.app(scope, receive, send)
  File "E:\python\Lib\site-packages\starlette\routing.py", line 716, in __call__
    await self.middleware_stack(scope, receive, send)
  File "E:\python\Lib\site-packages\starlette\routing.py", line 736, in app
    await route.handle(scope, receive, send)
  File "E:\python\Lib\site-packages\starlette\routing.py", line 290, in handle
    await self.app(scope, receive, send)
  File "E:\python\Lib\site-packages\fastapi\routing.py", line 125, in app
    await wrap_app_handling_exceptions(app, request)(scope, receive, send)
  File "E:\python\Lib\site-packages\starlette\_exception_handler.py", line 53, in wrapped_app
    raise exc
  File "E:\python\Lib\site-packages\starlette\_exception_handler.py", line 42, in wrapped_app
    await app(scope, receive, sender)
  File "E:\python\Lib\site-packages\fastapi\routing.py", line 111, in app
    response = await f(request)
               ^^^^^^^^^^^^^^^^
  File "E:\python\Lib\site-packages\fastapi\routing.py", line 391, in app
    raw_response = await run_endpoint_function(
                   ^^^^^^^^^^^^^^^^^^^^^^^^^^^^
    ...<3 lines>...
    )
    ^
  File "E:\python\Lib\site-packages\fastapi\routing.py", line 290, in run_endpoint_function
    return await dependant.call(**values)
           ^^^^^^^^^^^^^^^^^^^^^^^^^^^^^^
  File "D:\mindbridge2\mindbridge\backend\api\voice.py", line 252, in voice_conversation
    return await handle_voice_turn(transcript, session_id, language, current_user, db)
           ^^^^^^^^^^^^^^^^^^^^^^^^^^^^^^^^^^^^^^^^^^^^^^^^^^^^^^^^^^^^^^^^^^^^^^^^^^^
  File "D:\mindbridge2\mindbridge\backend\api\voice.py", line 211, in handle_voice_turn
    traceback.print_exc()
    ^^^^^^^^^
UnboundLocalError: cannot access local variable 'traceback' where it is not associated with a value

HTTP EXCEPTION: 404 - Session not found
HTTP EXCEPTION: 401 - Invalid email or password
